<?xml version="1.0" encoding="UTF-8"?>
<!-- Generated by org.testng.reporters.JUnitReportReporter -->
<testsuite skipped="0" hostname="RAJESH-PC" name="Testcases.NewTest" tests="1" failures="0" timestamp="14 Mar 2020 10:54:19 GMT" time="9.020" errors="0">
  <testcase name="f" time="9.020" classname="Testcases.NewTest"/>
</testsuite> <!-- Testcases.NewTest -->
