<?xml version="1.0" encoding="UTF-8"?>
<!-- Generated by org.testng.reporters.JUnitReportReporter -->
<testsuite skipped="0" hostname="RAJESH-PC" name="Testcases.datepicker" tests="1" failures="0" timestamp="26 Aug 2018 13:01:48 GMT" time="462.292" errors="0">
  <testcase name="testDAtePicker" time="462.292" classname="Testcases.datepicker"/>
</testsuite> <!-- Testcases.datepicker -->
